<?xml version="1.0" encoding="UTF-8"?>
<Site BuildName="(empty)"
	BuildStamp="20251110-0812-Experimental"
	Name="abscissa-YAOSHI-Series"
	Generator="ctest-3.16.3"
	CompilerName="/usr/bin/c++"
	CompilerVersion="9.4.0"
	OSName="Linux"
	Hostname="abscissa-YAOSHI-Series"
	OSRelease="5.15.0-67-generic"
	OSVersion="#74~20.04.1-Ubuntu SMP Wed Feb 22 14:52:34 UTC 2023"
	OSPlatform="x86_64"
	Is64Bits="1"
	VendorString="GenuineIntel"
	VendorID="Intel Corporation"
	FamilyID="6"
	ModelID="198"
	ProcessorCacheSize="30720"
	NumberOfLogicalCPU="20"
	NumberOfPhysicalCPU="1"
	TotalVirtualMemory="19071"
	TotalPhysicalMemory="31552"
	LogicalProcessorsPerPhysical="20"
	ProcessorClockFrequency="2900"
	>
	<Testing>
		<StartDateTime>Nov 10 16:12 CST</StartDateTime>
		<StartTestTime>1762762374</StartTestTime>
		<TestList/>
		<EndDateTime>Nov 10 16:12 CST</EndDateTime>
		<EndTestTime>1762762374</EndTestTime>
		<ElapsedMinutes>0</ElapsedMinutes>
	</Testing>
</Site>
